# JRE version: OpenJDK Runtime Environment (7.0_95) (build 1.7.0_95-b00)
# Java VM: OpenJDK 64-Bit Server VM (24.95-b01 mixed mode linux-amd64 compressed oops)
Heap
 PSYoungGen      total 239104K, used 0K [0x00000000eaa80000, 0x00000000ff380000, 0x0000000100000000)
  eden space 144384K, 0% used [0x00000000eaa80000,0x00000000eaa80000,0x00000000f3780000)
  from space 94720K, 0% used [0x00000000f9700000,0x00000000f9700000,0x00000000ff380000)
  to   space 96256K, 0% used [0x00000000f3780000,0x00000000f3780000,0x00000000f9580000)
 ParOldGen       total 322048K, used 298987K [0x00000000c0000000, 0x00000000d3a80000, 0x00000000eaa80000)
  object space 322048K, 92% used [0x00000000c0000000,0x00000000d23fad98,0x00000000d3a80000)
 PSPermGen       total 21504K, used 6312K [0x00000000b5a00000, 0x00000000b6f00000, 0x00000000c0000000)
  object space 21504K, 29% used [0x00000000b5a00000,0x00000000b602a270,0x00000000b6f00000)
GC Heap History (10 events):
Event: 35,222 GC heap after
Heap after GC invocations=27 (full 5):
 PSYoungGen      total 228352K, used 20832K [0x00000000eaa80000, 0x00000000ffb00000, 0x0000000100000000)
  eden space 117248K, 0% used [0x00000000eaa80000,0x00000000eaa80000,0x00000000f1d00000)
  from space 111104K, 18% used [0x00000000f8e80000,0x00000000fa2d8030,0x00000000ffb00000)
  to   space 113664K, 0% used [0x00000000f1d00000,0x00000000f1d00000,0x00000000f8c00000)
 ParOldGen       total 322048K, used 208678K [0x00000000c0000000, 0x00000000d3a80000, 0x00000000eaa80000)
  object space 322048K, 64% used [0x00000000c0000000,0x00000000ccbc98e0,0x00000000d3a80000)
 PSPermGen       total 21504K, used 6285K [0x00000000b5a00000, 0x00000000b6f00000, 0x00000000c0000000)
  object space 21504K, 29% used [0x00000000b5a00000,0x00000000b60235d0,0x00000000b6f00000)
}
Event: 35,931 GC heap before
{Heap before GC invocations=28 (full 5):
 PSYoungGen      total 228352K, used 138080K [0x00000000eaa80000, 0x00000000ffb00000, 0x0000000100000000)
  eden space 117248K, 100% used [0x00000000eaa80000,0x00000000f1d00000,0x00000000f1d00000)
  from space 111104K, 18% used [0x00000000f8e80000,0x00000000fa2d8030,0x00000000ffb00000)
  to   space 113664K, 0% used [0x00000000f1d00000,0x00000000f1d00000,0x00000000f8c00000)
 ParOldGen       total 322048K, used 208678K [0x00000000c0000000, 0x00000000d3a80000, 0x00000000eaa80000)
  object space 322048K, 64% used [0x00000000c0000000,0x00000000ccbc98e0,0x00000000d3a80000)
 PSPermGen       total 21504K, used 6294K [0x00000000b5a00000, 0x00000000b6f00000, 0x00000000c0000000)
  object space 21504K, 29% used [0x00000000b5a00000,0x00000000b6025ba8,0x00000000b6f00000)
Event: 36,036 GC heap after
Heap after GC invocations=28 (full 5):
 PSYoungGen      total 230912K, used 21660K [0x00000000eaa80000, 0x00000000ff980000, 0x0000000100000000)
  eden space 117248K, 0% used [0x00000000eaa80000,0x00000000eaa80000,0x00000000f1d00000)
  from space 113664K, 19% used [0x00000000f1d00000,0x00000000f3227178,0x00000000f8c00000)
  to   space 109056K, 0% used [0x00000000f8f00000,0x00000000f8f00000,0x00000000ff980000)
 ParOldGen       total 322048K, used 228669K [0x00000000c0000000, 0x00000000d3a80000, 0x00000000eaa80000)
  object space 322048K, 71% used [0x00000000c0000000,0x00000000cdf4f638,0x00000000d3a80000)
 PSPermGen       total 21504K, used 6294K [0x00000000b5a00000, 0x00000000b6f00000, 0x00000000c0000000)
  object space 21504K, 29% used [0x00000000b5a00000,0x00000000b6025ba8,0x00000000b6f00000)
}
Event: 36,762 GC heap before
{Heap before GC invocations=29 (full 5):
 PSYoungGen      total 230912K, used 138908K [0x00000000eaa80000, 0x00000000ff980000, 0x0000000100000000)
  eden space 117248K, 100% used [0x00000000eaa80000,0x00000000f1d00000,0x00000000f1d00000)
  from space 113664K, 19% used [0x00000000f1d00000,0x00000000f3227178,0x00000000f8c00000)
  to   space 109056K, 0% used [0x00000000f8f00000,0x00000000f8f00000,0x00000000ff980000)
 ParOldGen       total 322048K, used 228669K [0x00000000c0000000, 0x00000000d3a80000, 0x00000000eaa80000)
  object space 322048K, 71% used [0x00000000c0000000,0x00000000cdf4f638,0x00000000d3a80000)
 PSPermGen       total 21504K, used 6298K [0x00000000b5a00000, 0x00000000b6f00000, 0x00000000c0000000)
  object space 21504K, 29% used [0x00000000b5a00000,0x00000000b6026a80,0x00000000b6f00000)
Event: 36,854 GC heap after
Heap after GC invocations=29 (full 5):
 PSYoungGen      total 229888K, used 19844K [0x00000000eaa80000, 0x00000000ff380000, 0x0000000100000000)
  eden space 126976K, 0% used [0x00000000eaa80000,0x00000000eaa80000,0x00000000f2680000)
  from space 102912K, 19% used [0x00000000f8f00000,0x00000000fa2610e8,0x00000000ff380000)
  to   space 104960K, 0% used [0x00000000f2680000,0x00000000f2680000,0x00000000f8d00000)
 ParOldGen       total 322048K, used 244486K [0x00000000c0000000, 0x00000000d3a80000, 0x00000000eaa80000)
  object space 322048K, 75% used [0x00000000c0000000,0x00000000ceec1a48,0x00000000d3a80000)
 PSPermGen       total 21504K, used 6298K [0x00000000b5a00000, 0x00000000b6f00000, 0x00000000c0000000)
  object space 21504K, 29% used [0x00000000b5a00000,0x00000000b6026a80,0x00000000b6f00000)
}
Event: 37,553 GC heap before
{Heap before GC invocations=30 (full 5):
 PSYoungGen      total 229888K, used 146820K [0x00000000eaa80000, 0x00000000ff380000, 0x0000000100000000)
  eden space 126976K, 100% used [0x00000000eaa80000,0x00000000f2680000,0x00000000f2680000)
  from space 102912K, 19% used [0x00000000f8f00000,0x00000000fa2610e8,0x00000000ff380000)
  to   space 104960K, 0% used [0x00000000f2680000,0x00000000f2680000,0x00000000f8d00000)
 ParOldGen       total 322048K, used 244486K [0x00000000c0000000, 0x00000000d3a80000, 0x00000000eaa80000)
  object space 322048K, 75% used [0x00000000c0000000,0x00000000ceec1a48,0x00000000d3a80000)
 PSPermGen       total 21504K, used 6304K [0x00000000b5a00000, 0x00000000b6f00000, 0x00000000c0000000)
  object space 21504K, 29% used [0x00000000b5a00000,0x00000000b6028388,0x00000000b6f00000)
Event: 37,650 GC heap after
Heap after GC invocations=30 (full 5):
 PSYoungGen      total 231936K, used 20384K [0x00000000eaa80000, 0x00000000ff900000, 0x0000000100000000)
  eden space 126976K, 0% used [0x00000000eaa80000,0x00000000eaa80000,0x00000000f2680000)
  from space 104960K, 19% used [0x00000000f2680000,0x00000000f3a68000,0x00000000f8d00000)
  to   space 100352K, 0% used [0x00000000f9700000,0x00000000f9700000,0x00000000ff900000)
 ParOldGen       total 322048K, used 263474K [0x00000000c0000000, 0x00000000d3a80000, 0x00000000eaa80000)
  object space 322048K, 81% used [0x00000000c0000000,0x00000000d014cba8,0x00000000d3a80000)
 PSPermGen       total 21504K, used 6304K [0x00000000b5a00000, 0x00000000b6f00000, 0x00000000c0000000)
  object space 21504K, 29% used [0x00000000b5a00000,0x00000000b6028388,0x00000000b6f00000)
}
Event: 38,406 GC heap before
{Heap before GC invocations=31 (full 5):
 PSYoungGen      total 231936K, used 147360K [0x00000000eaa80000, 0x00000000ff900000, 0x0000000100000000)
  eden space 126976K, 100% used [0x00000000eaa80000,0x00000000f2680000,0x00000000f2680000)
  from space 104960K, 19% used [0x00000000f2680000,0x00000000f3a68000,0x00000000f8d00000)
  to   space 100352K, 0% used [0x00000000f9700000,0x00000000f9700000,0x00000000ff900000)
 ParOldGen       total 322048K, used 263474K [0x00000000c0000000, 0x00000000d3a80000, 0x00000000eaa80000)
  object space 322048K, 81% used [0x00000000c0000000,0x00000000d014cba8,0x00000000d3a80000)
 PSPermGen       total 21504K, used 6313K [0x00000000b5a00000, 0x00000000b6f00000, 0x00000000c0000000)
  object space 21504K, 29% used [0x00000000b5a00000,0x00000000b602a550,0x00000000b6f00000)
Event: 38,526 GC heap after
Heap after GC invocations=31 (full 5):
 PSYoungGen      total 239104K, used 20285K [0x00000000eaa80000, 0x00000000ff380000, 0x0000000100000000)
  eden space 144384K, 0% used [0x00000000eaa80000,0x00000000eaa80000,0x00000000f3780000)
  from space 94720K, 21% used [0x00000000f9700000,0x00000000faacf518,0x00000000ff380000)
  to   space 96256K, 0% used [0x00000000f3780000,0x00000000f3780000,0x00000000f9580000)
 ParOldGen       total 322048K, used 283015K [0x00000000c0000000, 0x00000000d3a80000, 0x00000000eaa80000)
  object space 322048K, 87% used [0x00000000c0000000,0x00000000d1461f18,0x00000000d3a80000)
 PSPermGen       total 21504K, used 6313K [0x00000000b5a00000, 0x00000000b6f00000, 0x00000000c0000000)
  object space 21504K, 29% used [0x00000000b5a00000,0x00000000b602a550,0x00000000b6f00000)
}
Event: 38,526 GC heap before
{Heap before GC invocations=32 (full 6):
 PSYoungGen      total 239104K, used 20285K [0x00000000eaa80000, 0x00000000ff380000, 0x0000000100000000)
  eden space 144384K, 0% used [0x00000000eaa80000,0x00000000eaa80000,0x00000000f3780000)
  from space 94720K, 21% used [0x00000000f9700000,0x00000000faacf518,0x00000000ff380000)
  to   space 96256K, 0% used [0x00000000f3780000,0x00000000f3780000,0x00000000f9580000)
 ParOldGen       total 322048K, used 283015K [0x00000000c0000000, 0x00000000d3a80000, 0x00000000eaa80000)
  object space 322048K, 87% used [0x00000000c0000000,0x00000000d1461f18,0x00000000d3a80000)
 PSPermGen       total 21504K, used 6313K [0x00000000b5a00000, 0x00000000b6f00000, 0x00000000c0000000)
  object space 21504K, 29% used [0x00000000b5a00000,0x00000000b602a550,0x00000000b6f00000)

