# JRE version: OpenJDK Runtime Environment (7.0_95) (build 1.7.0_95-b00)
# Java VM: OpenJDK 64-Bit Server VM (24.95-b01 mixed mode linux-amd64 compressed oops)
Heap
 PSYoungGen      total 233472K, used 0K [0x00000000eaa80000, 0x0000000100000000, 0x0000000100000000)
  eden space 117248K, 0% used [0x00000000eaa80000,0x00000000eaa80000,0x00000000f1d00000)
  from space 116224K, 0% used [0x00000000f8e80000,0x00000000f8e80000,0x0000000100000000)
  to   space 116224K, 0% used [0x00000000f1d00000,0x00000000f1d00000,0x00000000f8e80000)
 ParOldGen       total 335872K, used 317850K [0x00000000c0000000, 0x00000000d4800000, 0x00000000eaa80000)
  object space 335872K, 94% used [0x00000000c0000000,0x00000000d3666848,0x00000000d4800000)
 PSPermGen       total 21504K, used 6331K [0x00000000b5a00000, 0x00000000b6f00000, 0x00000000c0000000)
  object space 21504K, 29% used [0x00000000b5a00000,0x00000000b602ed88,0x00000000b6f00000)
GC Heap History (10 events):
Event: 37,067 GC heap after
Heap after GC invocations=27 (full 5):
 PSYoungGen      total 224256K, used 93244K [0x00000000eaa80000, 0x0000000100000000, 0x0000000100000000)
  eden space 124416K, 0% used [0x00000000eaa80000,0x00000000eaa80000,0x00000000f2400000)
  from space 99840K, 93% used [0x00000000f9e80000,0x00000000ff98f370,0x0000000100000000)
  to   space 112640K, 0% used [0x00000000f2400000,0x00000000f2400000,0x00000000f9200000)
 ParOldGen       total 335872K, used 159190K [0x00000000c0000000, 0x00000000d4800000, 0x00000000eaa80000)
  object space 335872K, 47% used [0x00000000c0000000,0x00000000c9b75990,0x00000000d4800000)
 PSPermGen       total 21504K, used 6305K [0x00000000b5a00000, 0x00000000b6f00000, 0x00000000c0000000)
  object space 21504K, 29% used [0x00000000b5a00000,0x00000000b6028458,0x00000000b6f00000)
}
Event: 38,479 GC heap before
{Heap before GC invocations=28 (full 5):
 PSYoungGen      total 224256K, used 217660K [0x00000000eaa80000, 0x0000000100000000, 0x0000000100000000)
  eden space 124416K, 100% used [0x00000000eaa80000,0x00000000f2400000,0x00000000f2400000)
  from space 99840K, 93% used [0x00000000f9e80000,0x00000000ff98f370,0x0000000100000000)
  to   space 112640K, 0% used [0x00000000f2400000,0x00000000f2400000,0x00000000f9200000)
 ParOldGen       total 335872K, used 159227K [0x00000000c0000000, 0x00000000d4800000, 0x00000000eaa80000)
  object space 335872K, 47% used [0x00000000c0000000,0x00000000c9b7ec18,0x00000000d4800000)
 PSPermGen       total 21504K, used 6315K [0x00000000b5a00000, 0x00000000b6f00000, 0x00000000c0000000)
  object space 21504K, 29% used [0x00000000b5a00000,0x00000000b602acf0,0x00000000b6f00000)
Event: 38,696 GC heap after
Heap after GC invocations=28 (full 5):
 PSYoungGen      total 232448K, used 107746K [0x00000000eaa80000, 0x0000000100000000, 0x0000000100000000)
  eden space 124416K, 0% used [0x00000000eaa80000,0x00000000eaa80000,0x00000000f2400000)
  from space 108032K, 99% used [0x00000000f2400000,0x00000000f8d389e0,0x00000000f8d80000)
  to   space 116224K, 0% used [0x00000000f8e80000,0x00000000f8e80000,0x0000000100000000)
 ParOldGen       total 335872K, used 159227K [0x00000000c0000000, 0x00000000d4800000, 0x00000000eaa80000)
  object space 335872K, 47% used [0x00000000c0000000,0x00000000c9b7ec18,0x00000000d4800000)
 PSPermGen       total 21504K, used 6315K [0x00000000b5a00000, 0x00000000b6f00000, 0x00000000c0000000)
  object space 21504K, 29% used [0x00000000b5a00000,0x00000000b602acf0,0x00000000b6f00000)
}
Event: 39,368 GC heap before
{Heap before GC invocations=29 (full 5):
 PSYoungGen      total 232448K, used 232162K [0x00000000eaa80000, 0x0000000100000000, 0x0000000100000000)
  eden space 124416K, 100% used [0x00000000eaa80000,0x00000000f2400000,0x00000000f2400000)
  from space 108032K, 99% used [0x00000000f2400000,0x00000000f8d389e0,0x00000000f8d80000)
  to   space 116224K, 0% used [0x00000000f8e80000,0x00000000f8e80000,0x0000000100000000)
 ParOldGen       total 335872K, used 159229K [0x00000000c0000000, 0x00000000d4800000, 0x00000000eaa80000)
  object space 335872K, 47% used [0x00000000c0000000,0x00000000c9b7f408,0x00000000d4800000)
 PSPermGen       total 21504K, used 6320K [0x00000000b5a00000, 0x00000000b6f00000, 0x00000000c0000000)
  object space 21504K, 29% used [0x00000000b5a00000,0x00000000b602c0f0,0x00000000b6f00000)
Event: 39,633 GC heap after
Heap after GC invocations=29 (full 5):
 PSYoungGen      total 233472K, used 84670K [0x00000000eaa80000, 0x0000000100000000, 0x0000000100000000)
  eden space 117248K, 0% used [0x00000000eaa80000,0x00000000eaa80000,0x00000000f1d00000)
  from space 116224K, 72% used [0x00000000f8e80000,0x00000000fe12f840,0x0000000100000000)
  to   space 116224K, 0% used [0x00000000f1d00000,0x00000000f1d00000,0x00000000f8e80000)
 ParOldGen       total 335872K, used 201520K [0x00000000c0000000, 0x00000000d4800000, 0x00000000eaa80000)
  object space 335872K, 59% used [0x00000000c0000000,0x00000000cc4cc3e0,0x00000000d4800000)
 PSPermGen       total 21504K, used 6320K [0x00000000b5a00000, 0x00000000b6f00000, 0x00000000c0000000)
  object space 21504K, 29% used [0x00000000b5a00000,0x00000000b602c0f0,0x00000000b6f00000)
}
Event: 77,854 GC heap before
{Heap before GC invocations=30 (full 5):
 PSYoungGen      total 233472K, used 201918K [0x00000000eaa80000, 0x0000000100000000, 0x0000000100000000)
  eden space 117248K, 100% used [0x00000000eaa80000,0x00000000f1d00000,0x00000000f1d00000)
  from space 116224K, 72% used [0x00000000f8e80000,0x00000000fe12f840,0x0000000100000000)
  to   space 116224K, 0% used [0x00000000f1d00000,0x00000000f1d00000,0x00000000f8e80000)
 ParOldGen       total 335872K, used 201520K [0x00000000c0000000, 0x00000000d4800000, 0x00000000eaa80000)
  object space 335872K, 59% used [0x00000000c0000000,0x00000000cc4cc3e0,0x00000000d4800000)
 PSPermGen       total 21504K, used 6327K [0x00000000b5a00000, 0x00000000b6f00000, 0x00000000c0000000)
  object space 21504K, 29% used [0x00000000b5a00000,0x00000000b602dd78,0x00000000b6f00000)
Event: 89,993 GC heap after
Heap after GC invocations=30 (full 5):
 PSYoungGen      total 233472K, used 58398K [0x00000000eaa80000, 0x0000000100000000, 0x0000000100000000)
  eden space 117248K, 0% used [0x00000000eaa80000,0x00000000eaa80000,0x00000000f1d00000)
  from space 116224K, 50% used [0x00000000f1d00000,0x00000000f5607b20,0x00000000f8e80000)
  to   space 116224K, 0% used [0x00000000f8e80000,0x00000000f8e80000,0x0000000100000000)
 ParOldGen       total 335872K, used 245139K [0x00000000c0000000, 0x00000000d4800000, 0x00000000eaa80000)
  object space 335872K, 72% used [0x00000000c0000000,0x00000000cef64e80,0x00000000d4800000)
 PSPermGen       total 21504K, used 6327K [0x00000000b5a00000, 0x00000000b6f00000, 0x00000000c0000000)
  object space 21504K, 29% used [0x00000000b5a00000,0x00000000b602dd78,0x00000000b6f00000)
}
Event: 104,696 GC heap before
{Heap before GC invocations=31 (full 5):
 PSYoungGen      total 233472K, used 175646K [0x00000000eaa80000, 0x0000000100000000, 0x0000000100000000)
  eden space 117248K, 100% used [0x00000000eaa80000,0x00000000f1d00000,0x00000000f1d00000)
  from space 116224K, 50% used [0x00000000f1d00000,0x00000000f5607b20,0x00000000f8e80000)
  to   space 116224K, 0% used [0x00000000f8e80000,0x00000000f8e80000,0x0000000100000000)
 ParOldGen       total 335872K, used 245139K [0x00000000c0000000, 0x00000000d4800000, 0x00000000eaa80000)
  object space 335872K, 72% used [0x00000000c0000000,0x00000000cef64e80,0x00000000d4800000)
 PSPermGen       total 21504K, used 6331K [0x00000000b5a00000, 0x00000000b6f00000, 0x00000000c0000000)
  object space 21504K, 29% used [0x00000000b5a00000,0x00000000b602ef68,0x00000000b6f00000)
Event: 119,044 GC heap after
Heap after GC invocations=31 (full 5):
 PSYoungGen      total 233472K, used 35485K [0x00000000eaa80000, 0x0000000100000000, 0x0000000100000000)
  eden space 117248K, 0% used [0x00000000eaa80000,0x00000000eaa80000,0x00000000f1d00000)
  from space 116224K, 30% used [0x00000000f8e80000,0x00000000fb127518,0x0000000100000000)
  to   space 116224K, 0% used [0x00000000f1d00000,0x00000000f1d00000,0x00000000f8e80000)
 ParOldGen       total 335872K, used 285629K [0x00000000c0000000, 0x00000000d4800000, 0x00000000eaa80000)
  object space 335872K, 85% used [0x00000000c0000000,0x00000000d16ef530,0x00000000d4800000)
 PSPermGen       total 21504K, used 6331K [0x00000000b5a00000, 0x00000000b6f00000, 0x00000000c0000000)
  object space 21504K, 29% used [0x00000000b5a00000,0x00000000b602ef68,0x00000000b6f00000)
}
Event: 122,053 GC heap before
{Heap before GC invocations=32 (full 6):
 PSYoungGen      total 233472K, used 35485K [0x00000000eaa80000, 0x0000000100000000, 0x0000000100000000)
  eden space 117248K, 0% used [0x00000000eaa80000,0x00000000eaa80000,0x00000000f1d00000)
  from space 116224K, 30% used [0x00000000f8e80000,0x00000000fb127518,0x0000000100000000)
  to   space 116224K, 0% used [0x00000000f1d00000,0x00000000f1d00000,0x00000000f8e80000)
 ParOldGen       total 335872K, used 285629K [0x00000000c0000000, 0x00000000d4800000, 0x00000000eaa80000)
  object space 335872K, 85% used [0x00000000c0000000,0x00000000d16ef530,0x00000000d4800000)
 PSPermGen       total 21504K, used 6331K [0x00000000b5a00000, 0x00000000b6f00000, 0x00000000c0000000)
  object space 21504K, 29% used [0x00000000b5a00000,0x00000000b602ef68,0x00000000b6f00000)

